modules/tapfinance-assistant/android/build/intermediates/manifest_merge_blame_file/release/processReleaseManifest/manifest-merger-blame-release-report.txt
1<?xml version="1.0" encoding="utf-8"?>
2<manifest xmlns:android="http://schemas.android.com/apk/res/android"
3    package="com.tapfinance.assistant" >
4
5    <uses-sdk android:minSdkVersion="24" />
6
7    <application>
7-->src/main/AndroidManifest.xml:2:3-19:17
8        <service
8-->src/main/AndroidManifest.xml:3:5-13:15
9            android:name="com.tapfinance.assistant.TapFinanceVoiceInteractionService"
9-->src/main/AndroidManifest.xml:4:7-80
10            android:exported="true"
10-->src/main/AndroidManifest.xml:5:7-30
11            android:permission="android.permission.BIND_VOICE_INTERACTION" >
11-->src/main/AndroidManifest.xml:6:7-69
12            <intent-filter>
12-->src/main/AndroidManifest.xml:7:7-9:23
13                <action android:name="android.service.voice.VoiceInteractionService" />
13-->src/main/AndroidManifest.xml:8:9-80
13-->src/main/AndroidManifest.xml:8:17-77
14            </intent-filter>
15
16            <meta-data
16-->src/main/AndroidManifest.xml:10:7-12:61
17                android:name="android.voice_interaction"
17-->src/main/AndroidManifest.xml:11:9-49
18                android:resource="@xml/voice_interaction_service" />
18-->src/main/AndroidManifest.xml:12:9-58
19        </service>
20        <service
20-->src/main/AndroidManifest.xml:14:5-18:34
21            android:name="com.tapfinance.assistant.TapFinanceVoiceInteractionSessionService"
21-->src/main/AndroidManifest.xml:15:7-87
22            android:exported="true"
22-->src/main/AndroidManifest.xml:16:7-30
23            android:permission="android.permission.BIND_VOICE_INTERACTION"
23-->src/main/AndroidManifest.xml:17:7-69
24            android:process=":voice" />
24-->src/main/AndroidManifest.xml:18:7-31
25    </application>
26
27</manifest>